2021-03-11 13:03:46.327747-/
2021-03-11 13:21:36.930973-/
2021-03-11 13:21:42.574241-/getTemp
2021-03-11 13:22:26.530947-/updates
2021-03-13 21:43:05.732945-/
2021-03-13 21:48:42.747663-/insertStudent
2021-03-13 22:03:34.713355-/ping
2021-03-13 22:45:01.429118-/
2021-03-13 22:46:56.273434-/students
2021-03-13 22:47:30.830742-/students
2021-03-13 22:49:56.083534-/students
2021-03-13 22:50:35.441736-/students
2021-03-13 22:53:06.600956-/students
2021-03-13 22:53:50.046901-/students
2021-03-13 23:17:07.372013-/students
2021-03-13 23:19:10.195024-/students
2021-03-16 16:26:22.832682-/ip
2021-03-16 16:36:27.457641-/
2021-03-16 16:36:49.187696-/students
2021-03-16 16:37:24.455236-/students
2021-03-16 16:58:09.166897-/
2021-03-16 16:58:17.021223-/students
2021-03-16 17:17:30.452424-/students
2021-03-16 17:17:47.607951-/students
2021-03-16 17:18:23.386676-/students
2021-03-16 17:18:45.348792-/students
2021-03-16 17:19:42.231888-/students
2021-03-16 17:20:24.876440-/students
2021-03-16 17:22:30.211669-/students
2021-03-16 17:23:16.730437-/students
2021-03-16 17:23:50.673055-/students
2021-03-16 17:25:56.289781-/students
2021-03-16 17:30:06.854676-/students
2021-03-16 17:30:28.192698-/students
2021-03-16 17:31:27.283312-/students
2021-03-16 17:34:23.586121-/students
2021-03-16 17:35:06.290815-/students
2021-03-16 17:35:48.381436-/students
2021-03-16 17:36:08.255101-/students
2021-03-16 17:36:52.759987-/students
2021-03-16 17:38:04.982649-/students
2021-03-16 19:53:02.800281-/
2021-03-16 19:53:12.986124-/justweather
2021-03-16 20:04:37.666072-/justweather
2021-03-16 20:05:17.618431-/justweather
2021-03-16 20:05:29.542915-/justweather
2021-03-16 20:06:18.996646-/justweather
2021-03-16 20:06:47.938287-/justweather
2021-03-16 20:07:24.886472-/justweather
2021-03-16 20:07:59.513494-/
2021-03-16 20:08:33.127234-/
2021-03-16 20:08:48.167928-/justweather
2021-03-16 20:09:09.731821-/justweather
2021-03-16 20:12:34.691991-/justweather
2021-03-16 20:13:58.068437-/justweather
2021-03-16 20:18:23.094688-/justweather
2021-03-16 20:21:28.571621-/justweather
2021-03-16 20:25:22.100722-/justweather
2021-03-16 20:26:04.863096-/justweather
2021-03-16 20:26:18.882940-/justweather
2021-03-16 20:28:33.235982-/justweather
2021-03-16 20:30:06.305036-/updates
2021-03-16 20:30:45.440266-/updates
2021-03-16 20:33:54.142847-/justweather
2021-03-16 20:34:31.069783-/justweather
2021-03-16 20:34:49.097125-/justweather
2021-03-16 20:37:49.810343-/justweather
2021-03-16 20:38:28.301250-/justweather
2021-03-16 20:38:55.629047-/justweather
2021-03-17 20:02:13.079848-/students
2021-03-17 20:04:45.415052-/students
2021-03-17 20:05:54.121942-/students
2021-03-17 20:12:45.283040-/students
2021-03-17 20:18:19.712643-/students
2021-03-17 20:19:04.287658-/students
2021-03-17 20:19:52.729354-/students
2021-03-17 20:22:29.263046-/students
2021-03-17 20:30:19.892231-/students
2021-03-17 20:32:42.271671-/students
2021-03-17 20:33:08.111930-/students
2021-03-17 20:33:49.416697-/students
2021-03-18 12:00:21.726152-/justweather
2021-03-25 10:49:03.160567-/
2021-03-25 10:49:27.216713-/justweather
2021-03-25 10:51:25.134130-/
2021-03-25 10:52:41.559888-/getTemp
2021-03-25 10:53:09.111766-/updates
2021-03-25 10:54:07.665116-/
2021-03-25 10:55:34.310506-/insertStudent
2021-03-25 10:56:38.441520-/insertStudent
2021-03-25 10:56:58.712400-/ping
2021-03-25 11:00:13.529639-/ping
2021-03-25 11:01:53.298902-/
2021-03-25 11:01:58.114367-/
2021-03-25 11:02:14.474611-/students
2021-03-25 11:03:31.141123-/ip
2021-03-25 11:03:56.279426-/ip
2021-03-25 11:19:24.705498-/
2021-03-25 11:19:50.116948-/justweather
2021-03-25 11:20:13.518451-/getTemp
2021-03-25 11:20:43.390358-/updates
2021-03-25 11:22:36.466853-/insertStudent
2021-03-25 11:23:18.095498-/students
2021-03-25 11:23:25.092967-/students
2021-03-25 11:23:30.668228-/students
2021-03-25 11:24:11.275570-/ping
